\BOOKMARK [1][-]{section.1}{\376\377\000I\000n\000t\000r\000o\000d\000u\000c\000c\000i\000\363\000n}{}% 1
\BOOKMARK [2][-]{subsection.1.1}{\376\377\000F\000u\000n\000d\000a\000m\000e\000n\000t\000a\000l\000s\000\040\000o\000f\000\040\000a\000\040\000p\000r\000o\000g\000r\000a\000m\000m\000e}{section.1}% 2
\BOOKMARK [2][-]{subsection.1.2}{\376\377\000O\000v\000e\000r\000v\000i\000e\000w}{section.1}% 3
\BOOKMARK [2][-]{subsection.1.3}{\376\377\000L\000a\000n\000g\000u\000a\000g\000e\000\040\000f\000e\000a\000t\000u\000r\000e\000s}{section.1}% 4
\BOOKMARK [2][-]{subsection.1.4}{\376\377\000C\000r\000e\000a\000t\000i\000n\000g\000\040\000a\000\040\000C\000\040\000p\000r\000o\000g\000r\000a\000m\000m\000e}{section.1}% 5
\BOOKMARK [1][-]{section.2}{\376\377\000I\000n\000s\000t\000a\000l\000l\000i\000n\000g\000\040\000R\000e\000q\000u\000i\000r\000e\000d\000\040\000S\000o\000f\000t\000w\000a\000r\000e}{}% 6
\BOOKMARK [2][-]{subsection.2.1}{\376\377\000O\000v\000e\000r\000v\000i\000e\000w}{section.2}% 7
\BOOKMARK [2][-]{subsection.2.2}{\376\377\000I\000n\000s\000t\000a\000l\000l\000i\000n\000g\000\040\000t\000h\000e\000\040\000C\000\040\000c\000o\000m\000p\000i\000l\000e\000r}{section.2}% 8
\BOOKMARK [2][-]{subsection.2.3}{\376\377\000I\000n\000s\000t\000a\000l\000l\000i\000n\000g\000\040\000C\000o\000d\000e\000L\000i\000t\000e}{section.2}% 9
\BOOKMARK [2][-]{subsection.2.4}{\376\377\000C\000o\000n\000f\000i\000g\000u\000r\000i\000n\000g\000\040\000C\000o\000d\000e\000L\000i\000t\000e}{section.2}% 10
\BOOKMARK [2][-]{subsection.2.5}{\376\377\000C\000r\000e\000a\000t\000i\000n\000g\000\040\000a\000\040\000d\000e\000f\000a\000u\000l\000t\000\040\000C\000o\000d\000e\000L\000i\000t\000e\000\040\000P\000r\000o\000j\000e\000c\000t\000\040\000T\000e\000m\000p\000l\000a\000t\000e}{section.2}% 11
\BOOKMARK [2][-]{subsection.2.6}{\376\377\000U\000s\000i\000n\000g\000\040\000t\000h\000e\000\040\000C\000o\000m\000m\000a\000n\000d\000\040\000L\000i\000n\000e\000\040\000I\000n\000t\000e\000r\000f\000a\000c\000e}{section.2}% 12
\BOOKMARK [2][-]{subsection.2.7}{\376\377\000U\000s\000i\000n\000g\000\040\000a\000\040\000W\000e\000b\000-\000b\000a\000s\000e\000d\000\040\000C\000\040\000c\000o\000m\000p\000i\000l\000e\000r}{section.2}% 13
\BOOKMARK [1][-]{section.3}{\376\377\000S\000t\000a\000r\000t\000i\000n\000g\000\040\000t\000o\000\040\000w\000r\000i\000t\000e\000\040\000c\000o\000d\000e}{}% 14
\BOOKMARK [2][-]{subsection.3.1}{\376\377\000E\000x\000p\000l\000o\000r\000i\000n\000g\000\040\000t\000h\000e\000\040\000C\000o\000d\000e\000L\000i\000t\000e\000\040\000e\000n\000v\000i\000r\000o\000n\000m\000e\000n\000t}{section.3}% 15
\BOOKMARK [2][-]{subsection.3.2}{\376\377\000C\000r\000e\000a\000t\000i\000n\000g\000\040\000t\000h\000e\000\040\000f\000i\000r\000s\000t\000\040\000C\000\040\000p\000r\000o\000g\000r\000a\000m\000m\000e}{section.3}% 16
\BOOKMARK [2][-]{subsection.3.3}{\376\377\000B\000u\000i\000l\000d\000i\000n\000g\000\040\000a\000n\000d\000\040\000c\000o\000m\000p\000i\000l\000i\000n\000g\000\040\000o\000u\000r\000\040\000f\000i\000r\000s\000t\000\040\000p\000r\000o\000g\000r\000a\000m\000m\000e}{section.3}% 17
\BOOKMARK [2][-]{subsection.3.4}{\376\377\000C\000o\000m\000p\000i\000l\000e\000r\000\040\000e\000r\000r\000o\000r\000s}{section.3}% 18
\BOOKMARK [2][-]{subsection.3.5}{\376\377\000C\000o\000m\000p\000i\000l\000e\000r\000\040\000w\000a\000r\000n\000i\000n\000g\000s}{section.3}% 19
\BOOKMARK [2][-]{subsection.3.6}{\376\377\000L\000i\000n\000k\000e\000r\000\040\000e\000r\000r\000o\000r\000s}{section.3}% 20
\BOOKMARK [2][-]{subsection.3.7}{\376\377\000R\000u\000n\000t\000i\000m\000e\000\040\000e\000r\000r\000o\000r\000s}{section.3}% 21
\BOOKMARK [2][-]{subsection.3.8}{\376\377\000L\000o\000g\000i\000c\000\040\000e\000r\000r\000o\000r\000s}{section.3}% 22
\BOOKMARK [2][-]{subsection.3.9}{\376\377\000S\000t\000r\000u\000c\000t\000u\000r\000e\000\040\000o\000f\000\040\000a\000\040\000C\000\040\000p\000r\000o\000g\000r\000a\000m\000m\000e}{section.3}% 23
\BOOKMARK [1][-]{section.4}{\376\377\000B\000a\000s\000i\000c\000\040\000c\000o\000n\000c\000e\000p\000t\000s}{}% 24
\BOOKMARK [2][-]{subsection.4.1}{\376\377\000C\000o\000m\000m\000e\000n\000t\000s}{section.4}% 25
\BOOKMARK [2][-]{subsection.4.2}{\376\377\000P\000r\000e\000p\000r\000o\000c\000e\000s\000s\000o\000r}{section.4}% 26
\BOOKMARK [2][-]{subsection.4.3}{\376\377\000T\000h\000e\000\040\000i\000n\000c\000l\000u\000d\000e\000\040\000s\000t\000a\000t\000e\000m\000e\000n\000t}{section.4}% 27
\BOOKMARK [2][-]{subsection.4.4}{\376\377\000D\000i\000s\000p\000l\000a\000y\000\040\000o\000u\000t\000p\000u\000t}{section.4}% 28
\BOOKMARK [2][-]{subsection.4.5}{\376\377\000R\000e\000a\000d\000i\000n\000g\000\040\000i\000n\000p\000u\000t\000\040\000f\000r\000o\000m\000\040\000t\000h\000e\000\040\000t\000e\000r\000m\000i\000n\000a\000l}{section.4}% 29
\BOOKMARK [1][-]{section.5}{\376\377\000V\000a\000r\000i\000a\000b\000l\000e\000s\000\040\000a\000n\000d\000\040\000d\000a\000t\000a\000\040\000t\000y\000p\000e\000s}{}% 30
\BOOKMARK [2][-]{subsection.5.1}{\376\377\000O\000v\000e\000r\000v\000i\000e\000w}{section.5}% 31
\BOOKMARK [2][-]{subsection.5.2}{\376\377\000B\000a\000s\000i\000c\000\040\000D\000a\000t\000a\000\040\000t\000y\000p\000e\000s}{section.5}% 32
\BOOKMARK [3][-]{subsubsection.5.2.1}{\376\377\000i\000n\000t}{subsection.5.2}% 33
\BOOKMARK [3][-]{subsubsection.5.2.2}{\376\377\000f\000l\000o\000a\000t}{subsection.5.2}% 34
\BOOKMARK [3][-]{subsubsection.5.2.3}{\376\377\000d\000o\000u\000b\000l\000e}{subsection.5.2}% 35
\BOOKMARK [3][-]{subsubsection.5.2.4}{\376\377\000\137\000B\000o\000o\000l}{subsection.5.2}% 36
\BOOKMARK [3][-]{subsubsection.5.2.5}{\376\377\000O\000t\000h\000e\000r\000\040\000d\000a\000t\000a\000\040\000t\000y\000p\000e\000s}{subsection.5.2}% 37
\BOOKMARK [2][-]{subsection.5.3}{\376\377\000E\000n\000u\000m\000s\000\040\000a\000n\000d\000\040\000c\000h\000a\000r\000s}{section.5}% 38
\BOOKMARK [3][-]{subsubsection.5.3.1}{\376\377\000E\000n\000u\000m\000s}{subsection.5.3}% 39
\BOOKMARK [3][-]{subsubsection.5.3.2}{\376\377\000C\000h\000a\000r}{subsection.5.3}% 40
\BOOKMARK [2][-]{subsection.5.4}{\376\377\000C\000h\000a\000l\000l\000e\000n\000g\000e\000\040\000E\000n\000u\000m}{section.5}% 41
\BOOKMARK [2][-]{subsection.5.5}{\376\377\000F\000o\000r\000m\000a\000t\000\040\000s\000p\000e\000c\000i\000f\000i\000e\000r\000s}{section.5}% 42
\BOOKMARK [2][-]{subsection.5.6}{\376\377\000C\000h\000a\000l\000l\000e\000n\000g\000e\000:\000\040\000P\000r\000i\000n\000t\000\040\000t\000h\000e\000\040\000r\000e\000c\000t\000a\000n\000g\000l\000e\000\040\000a\000r\000e\000a}{section.5}% 43
\BOOKMARK [2][-]{subsection.5.7}{\376\377\000C\000o\000m\000m\000a\000n\000d\000\040\000l\000i\000n\000e\000\040\000a\000r\000g\000u\000m\000e\000n\000t\000s}{section.5}% 44
\BOOKMARK [1][-]{section.6}{\376\377\000O\000p\000e\000r\000a\000t\000o\000r\000s}{}% 45
\BOOKMARK [2][-]{subsection.6.1}{\376\377\000O\000v\000e\000r\000v\000i\000e\000w}{section.6}% 46
\BOOKMARK [3][-]{subsubsection.6.1.1}{\376\377\000E\000x\000p\000r\000e\000s\000s\000i\000o\000n\000s\000\040\000a\000n\000d\000\040\000s\000t\000a\000t\000e\000m\000e\000n\000t\000s}{subsection.6.1}% 47
\BOOKMARK [3][-]{subsubsection.6.1.2}{\376\377\000C\000o\000m\000p\000o\000u\000n\000d\000\040\000s\000t\000a\000t\000e\000m\000e\000n\000t\000s}{subsection.6.1}% 48
\BOOKMARK [2][-]{subsection.6.2}{\376\377\000B\000a\000s\000i\000c\000\040\000o\000p\000e\000r\000a\000t\000o\000r\000s}{section.6}% 49
\BOOKMARK [2][-]{subsection.6.3}{\376\377\000C\000h\000a\000l\000l\000e\000n\000g\000e\000:\000\040\000C\000O\000n\000v\000e\000r\000t\000\040\000m\000i\000n\000u\000t\000e\000s\000\040\000t\000o\000\040\000y\000e\000a\000r\000s\000\040\000a\000n\000d\000\040\000d\000a\000y\000s}{section.6}% 50
\BOOKMARK [2][-]{subsection.6.4}{\376\377\000B\000i\000t\000w\000i\000s\000e\000\040\000o\000p\000e\000r\000a\000t\000o\000r\000s}{section.6}% 51
\BOOKMARK [3][-]{subsubsection.6.4.1}{\376\377\000B\000i\000n\000a\000r\000y\000\040\000n\000u\000m\000b\000e\000r\000s}{subsection.6.4}% 52
\BOOKMARK [3][-]{subsubsection.6.4.2}{\376\377\000B\000i\000t\000w\000i\000s\000e\000\040\000o\000p\000e\000r\000a\000t\000o\000r\000s}{subsection.6.4}% 53
\BOOKMARK [2][-]{subsection.6.5}{\376\377\000C\000a\000s\000t\000\040\000a\000n\000d\000\040\000S\000i\000z\000e\000o\000f\000\040\000o\000p\000e\000r\000a\000t\000o\000r\000s}{section.6}% 54
\BOOKMARK [3][-]{subsubsection.6.5.1}{\376\377\000C\000a\000s\000t\000\040\000o\000p\000e\000r\000a\000t\000o\000r}{subsection.6.5}% 55
\BOOKMARK [3][-]{subsubsection.6.5.2}{\376\377\000S\000i\000z\000e\000o\000f\000\040\000o\000p\000e\000r\000a\000t\000o\000r}{subsection.6.5}% 56
\BOOKMARK [3][-]{subsubsection.6.5.3}{\376\377\000s\000i\000z\000e\000o\000f\000\050\000i\000n\000t\000\051}{subsection.6.5}% 57
\BOOKMARK [3][-]{subsubsection.6.5.4}{\376\377\000O\000t\000h\000e\000r\000\040\000o\000p\000e\000r\000a\000t\000o\000r}{subsection.6.5}% 58
\BOOKMARK [2][-]{subsection.6.6}{\376\377\000P\000r\000i\000n\000t\000\040\000t\000h\000e\000\040\000b\000y\000t\000e\000\040\000s\000i\000z\000e\000\040\000o\000f\000\040\000t\000h\000e\000\040\000b\000a\000s\000i\000c\000\040\000d\000a\000t\000a\000\040\000t\000y\000p\000e\000s}{section.6}% 59
\BOOKMARK [2][-]{subsection.6.7}{\376\377\000O\000p\000e\000r\000a\000t\000o\000r\000\040\000p\000r\000e\000c\000e\000d\000e\000n\000c\000e}{section.6}% 60
\BOOKMARK [1][-]{section.7}{\376\377\000C\000o\000n\000t\000r\000o\000l\000\040\000F\000l\000o\000w}{}% 61
\BOOKMARK [2][-]{subsection.7.1}{\376\377\000O\000v\000e\000r\000v\000i\000e\000w}{section.7}% 62
\BOOKMARK [3][-]{subsubsection.7.1.1}{\376\377\000D\000e\000c\000i\000s\000i\000o\000n\000-\000m\000a\000k\000i\000n\000g}{subsection.7.1}% 63
\BOOKMARK [3][-]{subsubsection.7.1.2}{\376\377\000R\000e\000p\000e\000a\000t\000i\000n\000g\000\040\000c\000o\000d\000e}{subsection.7.1}% 64
\BOOKMARK [2][-]{subsection.7.2}{\376\377\000I\000f\000\040\000s\000t\000a\000t\000e\000m\000e\000n\000t\000s}{section.7}% 65
\BOOKMARK [2][-]{subsection.7.3}{\376\377\000C\000h\000a\000l\000l\000e\000n\000g\000e\000\040\000A\000m\000o\000u\000n\000t\000\040\000o\000f\000\040\000p\000a\000y}{section.7}% 66
\BOOKMARK [2][-]{subsection.7.4}{\376\377\000S\000w\000i\000t\000c\000h\000\040\000s\000t\000a\000t\000e\000m\000e\000n\000t}{section.7}% 67
\BOOKMARK [3][-]{subsubsection.7.4.1}{\376\377\000g\000o\000t\000o\000\040\000s\000t\000a\000t\000e\000m\000e\000n\000t}{subsection.7.4}% 68
\BOOKMARK [2][-]{subsection.7.5}{\376\377\000F\000o\000r\000\040\000l\000o\000o\000p}{section.7}% 69
\BOOKMARK [2][-]{subsection.7.6}{\376\377\000W\000h\000i\000l\000e\000\040\000a\000n\000d\000\040\000D\000o\000-\000W\000h\000i\000l\000e}{section.7}% 70
\BOOKMARK [2][-]{subsection.7.7}{\376\377\000N\000e\000s\000t\000e\000d\000\040\000l\000o\000o\000p\000s}{section.7}% 71
\BOOKMARK [3][-]{subsubsection.7.7.1}{\376\377\000C\000o\000n\000t\000i\000n\000u\000e\000\040\000s\000t\000a\000t\000e\000m\000e\000n\000t}{subsection.7.7}% 72
\BOOKMARK [3][-]{subsubsection.7.7.2}{\376\377\000B\000r\000e\000a\000k\000\040\000s\000t\000a\000t\000e\000m\000e\000n\000t}{subsection.7.7}% 73
\BOOKMARK [2][-]{subsection.7.8}{\376\377\000C\000h\000a\000l\000l\000e\000n\000g\000e\000\040\000G\000u\000e\000s\000s\000\040\000t\000h\000e\000\040\000N\000u\000m\000b\000e\000r}{section.7}% 74
\BOOKMARK [1][-]{section.8}{\376\377\000A\000r\000r\000a\000y\000s}{}% 75
\BOOKMARK [2][-]{subsection.8.1}{\376\377\000C\000r\000e\000a\000t\000i\000n\000g\000\040\000a\000n\000d\000\040\000u\000s\000i\000n\000g\000\040\000a\000r\000r\000a\000y\000s}{section.8}% 76
\BOOKMARK [2][-]{subsection.8.2}{\376\377\000I\000n\000i\000t\000i\000a\000l\000i\000s\000i\000n\000g\000\040\000a\000n\000\040\000a\000r\000r\000a\000y}{section.8}% 77
\BOOKMARK [2][-]{subsection.8.3}{\376\377\000C\000h\000a\000l\000l\000e\000n\000g\000e\000\040\000P\000r\000i\000m\000e\000\040\000N\000u\000m\000b\000e\000r\000s}{section.8}% 78
\BOOKMARK [2][-]{subsection.8.4}{\376\377\000M\000u\000l\000t\000i\000d\000i\000m\000e\000n\000s\000i\000o\000n\000a\000l\000\040\000a\000r\000r\000a\000y\000s}{section.8}% 79
\BOOKMARK [2][-]{subsection.8.5}{\376\377\000C\000h\000a\000l\000l\000e\000n\000g\000e\000\040\000W\000e\000a\000t\000h\000e\000r}{section.8}% 80
\BOOKMARK [2][-]{subsection.8.6}{\376\377\000V\000a\000r\000i\000a\000b\000l\000e\000\040\000l\000e\000n\000g\000t\000h\000\040\000a\000r\000r\000a\000y\000s}{section.8}% 81
\BOOKMARK [1][-]{section.9}{\376\377\000F\000u\000n\000c\000t\000i\000o\000n\000s}{}% 82
\BOOKMARK [2][-]{subsection.9.1}{\376\377\000B\000a\000s\000i\000c\000s}{section.9}% 83
\BOOKMARK [2][-]{subsection.9.2}{\376\377\000D\000e\000f\000i\000n\000i\000n\000g\000\040\000f\000u\000n\000c\000t\000i\000o\000n\000s}{section.9}% 84
\BOOKMARK [2][-]{subsection.9.3}{\376\377\000A\000r\000g\000u\000m\000e\000n\000t\000s\000\040\000a\000n\000d\000\040\000p\000a\000r\000a\000m\000e\000t\000e\000r\000s}{section.9}% 85
\BOOKMARK [2][-]{subsection.9.4}{\376\377\000R\000e\000t\000u\000r\000n\000i\000n\000g\000\040\000d\000a\000t\000a\000\040\000f\000r\000o\000m\000\040\000f\000u\000n\000c\000t\000i\000o\000n\000s}{section.9}% 86
\BOOKMARK [3][-]{subsubsection.9.4.1}{\376\377\000I\000n\000v\000o\000k\000i\000n\000g\000\040\000a\000\040\000f\000u\000n\000c\000t\000i\000o\000n}{subsection.9.4}% 87
\BOOKMARK [2][-]{subsection.9.5}{\376\377\000L\000o\000c\000a\000l\000\040\000a\000n\000d\000\040\000G\000l\000o\000b\000a\000l\000\040\000V\000a\000r\000i\000a\000b\000l\000e\000s}{section.9}% 88
\BOOKMARK [2][-]{subsection.9.6}{\376\377\000C\000h\000a\000l\000l\000e\000n\000g\000e\000\040\000W\000r\000i\000t\000e\000\040\000f\000u\000n\000c\000t\000i\000o\000n\000s}{section.9}% 89
\BOOKMARK [2][-]{subsection.9.7}{\376\377\000C\000h\000a\000l\000l\000e\000n\000g\000e\000\040\000T\000i\000c\000\040\000T\000a\000c\000\040\000T\000o\000e}{section.9}% 90
\BOOKMARK [1][-]{section.10}{\376\377\000C\000h\000a\000r\000a\000c\000t\000e\000r\000\040\000s\000t\000r\000i\000n\000g\000s}{}% 91
\BOOKMARK [2][-]{subsection.10.1}{\376\377\000O\000v\000e\000r\000v\000i\000e\000w}{section.10}% 92
\BOOKMARK [2][-]{subsection.10.2}{\376\377\000D\000e\000f\000i\000n\000i\000n\000g\000\040\000a\000\040\000s\000t\000r\000i\000n\000g}{section.10}% 93
\BOOKMARK [2][-]{subsection.10.3}{\376\377\000C\000o\000n\000s\000t\000a\000n\000t\000\040\000s\000t\000r\000i\000n\000g\000s}{section.10}% 94
\BOOKMARK [2][-]{subsection.10.4}{\376\377\000C\000h\000a\000l\000l\000e\000n\000g\000e\000\040\000U\000n\000d\000e\000r\000s\000t\000a\000n\000d\000i\000n\000g\000\040\000c\000h\000a\000r\000\040\000a\000r\000r\000a\000y\000s}{section.10}% 95
\BOOKMARK [2][-]{subsection.10.5}{\376\377\000C\000o\000m\000m\000o\000n\000\040\000s\000t\000r\000i\000n\000g\000\040\000f\000u\000n\000c\000t\000i\000o\000n\000s}{section.10}% 96
\BOOKMARK [3][-]{subsubsection.10.5.1}{\376\377\000s\000t\000r\000l\000e\000n\000\050\000\051}{subsection.10.5}% 97
\BOOKMARK [3][-]{subsubsection.10.5.2}{\376\377\000s\000t\000r\000c\000p\000y\000\050\000\051\000\040\000a\000n\000d\000\040\000s\000t\000r\000n\000c\000p\000y\000\050\000\051}{subsection.10.5}% 98
\BOOKMARK [3][-]{subsubsection.10.5.3}{\376\377\000s\000t\000r\000c\000a\000t\000\050\000\051\000\040\000a\000n\000d\000\040\000s\000t\000r\000n\000c\000a\000t\000\050\000\051}{subsection.10.5}% 99
\BOOKMARK [3][-]{subsubsection.10.5.4}{\376\377\000s\000t\000r\000c\000m\000p\000\050\000\051\000\040\000a\000n\000d\000\040\000s\000t\000r\000n\000c\000m\000p\000\050\000\051}{subsection.10.5}% 100
\BOOKMARK [2][-]{subsection.10.6}{\376\377\000C\000h\000a\000l\000l\000e\000n\000g\000e\000\040\000C\000o\000m\000m\000o\000n\000\040\000s\000t\000r\000i\000n\000g\000\040\000f\000u\000n\000c\000t\000i\000o\000n\000s}{section.10}% 101
\BOOKMARK [2][-]{subsection.10.7}{\376\377\000S\000e\000a\000r\000c\000h\000i\000n\000g\000,\000\040\000t\000o\000k\000e\000n\000i\000s\000i\000n\000g\000\040\000a\000n\000d\000\040\000a\000n\000a\000l\000y\000s\000i\000n\000g\000\040\000s\000t\000r\000i\000n\000g\000s}{section.10}% 102
\BOOKMARK [3][-]{subsubsection.10.7.1}{\376\377\000S\000e\000a\000r\000c\000h\000i\000n\000g\000\040\000a\000\040\000s\000t\000r\000i\000n\000g\000\040\000f\000o\000r\000\040\000a\000\040\000c\000h\000a\000r\000a\000c\000t\000e\000r}{subsection.10.7}% 103
\BOOKMARK [3][-]{subsubsection.10.7.2}{\376\377\000T\000o\000k\000e\000n\000i\000z\000i\000n\000g\000\040\000a\000\040\000s\000t\000r\000i\000n\000g}{subsection.10.7}% 104
\BOOKMARK [3][-]{subsubsection.10.7.3}{\376\377\000A\000n\000a\000l\000y\000s\000i\000n\000g\000\040\000s\000t\000r\000i\000n\000g\000s}{subsection.10.7}% 105
\BOOKMARK [2][-]{subsection.10.8}{\376\377\000C\000o\000n\000v\000e\000r\000t\000i\000n\000g\000\040\000s\000t\000r\000i\000n\000g\000s}{section.10}% 106
\BOOKMARK [1][-]{section.11}{\376\377\000D\000e\000b\000u\000g\000g\000i\000n\000g}{}% 107
\BOOKMARK [2][-]{subsection.11.1}{\376\377\000C\000o\000n\000f\000i\000g\000u\000r\000i\000n\000g\000\040\000t\000h\000e\000\040\000D\000e\000b\000u\000g\000g\000e\000r\000\040\000i\000n\000\040\000C\000o\000d\000e\000L\000i\000t\000e}{section.11}% 108
\BOOKMARK [2][-]{subsection.11.2}{\376\377\000D\000e\000b\000u\000g\000g\000i\000n\000g}{section.11}% 109
\BOOKMARK [2][-]{subsection.11.3}{\376\377\000U\000n\000d\000e\000r\000s\000t\000a\000n\000d\000i\000n\000g\000\040\000t\000h\000e\000\040\000C\000a\000l\000l\000\040\000S\000t\000a\000c\000k}{section.11}% 110
\BOOKMARK [2][-]{subsection.11.4}{\376\377\000C\000o\000d\000e\000L\000i\000t\000e\000\040\000D\000e\000b\000u\000g\000g\000e\000r}{section.11}% 111
\BOOKMARK [2][-]{subsection.11.5}{\376\377\000C\000o\000m\000m\000o\000n\000\040\000C\000\040\000m\000i\000s\000t\000a\000k\000e\000s}{section.11}% 112
\BOOKMARK [3][-]{subsubsection.11.5.1}{\376\377\000M\000i\000s\000s\000p\000l\000a\000c\000i\000n\000g\000\040\000a\000\040\000s\000e\000m\000i\000c\000o\000l\000o\000n}{subsection.11.5}% 113
\BOOKMARK [3][-]{subsubsection.11.5.2}{\376\377\000C\000o\000n\000f\000u\000s\000i\000n\000g\000\040\000t\000h\000e\000\040\000=\000\040\000o\000p\000e\000r\000a\000t\000o\000r\000\040\000w\000i\000t\000h\000\040\000t\000h\000e\000\040\000=\000=\000\040\000o\000p\000e\000r\000a\000t\000o\000r}{subsection.11.5}% 114
\BOOKMARK [3][-]{subsubsection.11.5.3}{\376\377\000O\000m\000i\000t\000t\000i\000n\000g\000\040\000p\000r\000o\000t\000o\000t\000y\000p\000e\000\040\000d\000e\000c\000l\000a\000r\000a\000t\000i\000o\000n\000s}{subsection.11.5}% 115
\BOOKMARK [3][-]{subsubsection.11.5.4}{\376\377\000F\000a\000i\000l\000i\000n\000g\000\040\000t\000o\000\040\000i\000n\000c\000l\000u\000d\000e\000\040\000t\000h\000e\000\040\000h\000e\000a\000d\000e\000r\000\040\000f\000i\000l\000e\000\040\000t\000h\000a\000t\000\040\000i\000n\000c\000l\000u\000d\000e\000s\000\040\000t\000h\000e\000\040\000d\000e\000f\000i\000n\000i\000t\000i\000o\000n\000\040\000o\000f\000\040\000a\000\040\000f\000u\000n\000c\000t\000i\000o\000n}{subsection.11.5}% 116
\BOOKMARK [3][-]{subsubsection.11.5.5}{\376\377\000C\000o\000n\000f\000u\000s\000i\000n\000g\000\040\000a\000\040\000c\000h\000a\000r\000a\000c\000t\000e\000r\000\040\000c\000o\000n\000s\000t\000a\000n\000t\000\040\000a\000n\000d\000\040\000a\000\040\000c\000h\000a\000r\000a\000c\000t\000e\000r\000\040\000s\000t\000r\000i\000n\000g}{subsection.11.5}% 117
\BOOKMARK [3][-]{subsubsection.11.5.6}{\376\377\000U\000s\000i\000n\000g\000\040\000t\000h\000e\000\040\000w\000r\000o\000n\000g\000\040\000b\000o\000u\000n\000d\000\040\000f\000o\000r\000\040\000a\000n\000\040\000a\000r\000r\000a\000y}{subsection.11.5}% 118
\BOOKMARK [3][-]{subsubsection.11.5.7}{\376\377\000C\000o\000n\000f\000u\000s\000i\000n\000g\000\040\000t\000h\000e\000\040\000o\000p\000e\000r\000a\000t\000o\000r\000\040\000-\000>\000\040\000w\000i\000t\000h\000\040\000t\000h\000e\000\040\000o\000p\000e\000r\000a\000t\000o\000r\000\040\000.\000\040\000w\000h\000e\000n\000\040\000r\000e\000f\000e\000r\000e\000n\000c\000i\000n\000g\000\040\000s\000t\000r\000u\000c\000t\000u\000r\000e\000\040\000m\000e\000m\000b\000e\000r\000s}{subsection.11.5}% 119
\BOOKMARK [3][-]{subsubsection.11.5.8}{\376\377\000O\000m\000i\000t\000t\000i\000n\000g\000\040\000t\000h\000e\000\040\000a\000m\000p\000e\000r\000s\000a\000n\000d\000\040\000b\000e\000f\000o\000r\000e\000\040\000n\000o\000n\000p\000o\000i\000n\000t\000e\000r\000\040\000v\000a\000r\000i\000a\000b\000l\000e\000s\000\040\000i\000n\000\040\000a\000\040\000s\000c\000a\000n\000f\000\050\000\051\000\040\000c\000a\000l\000l}{subsection.11.5}% 120
\BOOKMARK [3][-]{subsubsection.11.5.9}{\376\377\000U\000s\000i\000n\000g\000\040\000a\000\040\000p\000o\000i\000n\000t\000e\000r\000\040\000v\000a\000r\000i\000a\000b\000l\000e\000\040\000b\000e\000f\000o\000r\000e\000\040\000i\000t\000\040\000i\000s\000\040\000i\000n\000i\000t\000i\000a\000l\000i\000s\000e\000d}{subsection.11.5}% 121
\BOOKMARK [3][-]{subsubsection.11.5.10}{\376\377\000O\000m\000i\000t\000t\000i\000n\000g\000\040\000t\000h\000e\000\040\000b\000r\000e\000a\000k\000\040\000s\000t\000a\000t\000e\000m\000e\000n\000t\000\040\000a\000t\000\040\000t\000h\000e\000\040\000e\000n\000d\000\040\000o\000f\000\040\000a\000\040\000c\000a\000s\000e\000\040\000i\000n\000\040\000a\000\040\000s\000w\000i\000t\000c\000h}{subsection.11.5}% 122
\BOOKMARK [3][-]{subsubsection.11.5.11}{\376\377\000I\000n\000s\000e\000r\000t\000i\000n\000g\000\040\000a\000\040\000s\000e\000m\000i\000c\000o\000l\000o\000n\000\040\000a\000t\000\040\000t\000h\000e\000\040\000e\000n\000d\000\040\000o\000f\000\040\000a\000\040\000p\000r\000e\000p\000r\000o\000c\000e\000s\000s\000o\000r\000\040\000d\000e\000f\000i\000n\000i\000t\000i\000o\000n}{subsection.11.5}% 123
\BOOKMARK [3][-]{subsubsection.11.5.12}{\376\377\000O\000m\000i\000t\000t\000i\000n\000g\000\040\000a\000\040\000c\000l\000o\000s\000i\000n\000g\000\040\000p\000a\000r\000e\000n\000t\000h\000e\000s\000i\000s\000\040\000o\000r\000\040\000q\000u\000a\000t\000o\000a\000t\000i\000o\000n\000\040\000m\000a\000r\000k\000\040\000i\000n\000\040\000a\000n\000\040\000s\000t\000a\000t\000e\000m\000e\000n\000t}{subsection.11.5}% 124
\BOOKMARK [2][-]{subsection.11.6}{\376\377\000U\000n\000d\000e\000r\000s\000t\000a\000n\000d\000i\000n\000g\000\040\000c\000o\000m\000p\000i\000l\000e\000r\000\040\000e\000r\000r\000o\000r\000s}{section.11}% 125
\BOOKMARK [3][-]{subsubsection.11.6.1}{\376\377\000V\000a\000r\000i\000a\000b\000l\000e\000\040\000u\000n\000d\000e\000c\000l\000a\000r\000e\000d\000\040\000\050\000f\000i\000r\000s\000t\000\040\000u\000s\000e\000\040\000i\000n\000\040\000t\000h\000e\000\040\000f\000u\000n\000c\000t\000i\000o\000n\000\051}{subsection.11.6}% 126
\BOOKMARK [3][-]{subsubsection.11.6.2}{\376\377\000I\000m\000p\000l\000i\000c\000i\000t\000\040\000d\000e\000c\000l\000a\000r\000a\000t\000i\000o\000n\000\040\000o\000f\000\040\000f\000u\000n\000c\000t\000i\000o\000n}{subsection.11.6}% 127
\BOOKMARK [3][-]{subsubsection.11.6.3}{\376\377\000C\000o\000n\000t\000r\000o\000l\000\040\000r\000e\000a\000c\000h\000e\000s\000\040\000e\000n\000d\000\040\000o\000f\000\040\000n\000o\000n\000-\000v\000o\000i\000d\000\040\000f\000u\000n\000c\000t\000i\000o\000n}{subsection.11.6}% 128
\BOOKMARK [3][-]{subsubsection.11.6.4}{\376\377\000U\000n\000u\000s\000e\000d\000\040\000v\000a\000r\000i\000a\000b\000l\000e}{subsection.11.6}% 129
\BOOKMARK [3][-]{subsubsection.11.6.5}{\376\377\000U\000n\000d\000e\000f\000i\000n\000e\000d\000\040\000r\000e\000f\000e\000r\000e\000n\000c\000e\000\040\000t\000o}{subsection.11.6}% 130
\BOOKMARK [3][-]{subsubsection.11.6.6}{\376\377\000C\000o\000n\000f\000l\000i\000c\000t\000i\000n\000g\000\040\000t\000y\000p\000e\000s\000\040\000f\000o\000r}{subsection.11.6}% 131
\BOOKMARK [3][-]{subsubsection.11.6.7}{\376\377\000R\000u\000n\000t\000i\000m\000e\000\040\000e\000r\000r\000o\000r\000s}{subsection.11.6}% 132
\BOOKMARK [3][-]{subsubsection.11.6.8}{\376\377\000O\000t\000h\000e\000r\000s}{subsection.11.6}% 133
\BOOKMARK [1][-]{section.12}{\376\377\000P\000o\000i\000n\000t\000e\000r\000\040\000b\000a\000s\000i\000c\000s}{}% 134
\BOOKMARK [2][-]{subsection.12.1}{\376\377\000O\000v\000e\000r\000v\000i\000e\000w}{section.12}% 135
\BOOKMARK [2][-]{subsection.12.2}{\376\377\000D\000e\000f\000i\000n\000i\000n\000g\000\040\000p\000o\000i\000n\000t\000e\000r\000s}{section.12}% 136
\BOOKMARK [2][-]{subsection.12.3}{\376\377\000A\000c\000c\000e\000s\000s\000i\000n\000g\000\040\000p\000o\000i\000n\000t\000e\000r\000s}{section.12}% 137
\BOOKMARK [2][-]{subsection.12.4}{\376\377\000C\000h\000a\000l\000l\000e\000n\000g\000e\000\040\000P\000o\000i\000n\000t\000e\000r\000\040\000B\000a\000s\000i\000c\000s}{section.12}% 138
\BOOKMARK [1][-]{section.13}{\376\377\000U\000t\000i\000l\000i\000s\000i\000n\000g\000\040\000p\000o\000i\000n\000t\000e\000r\000s}{}% 139
\BOOKMARK [2][-]{subsection.13.1}{\376\377\000O\000v\000e\000r\000v\000i\000e\000w}{section.13}% 140
\BOOKMARK [2][-]{subsection.13.2}{\376\377\000P\000o\000i\000n\000t\000e\000r\000s\000\040\000a\000n\000d\000\040\000c\000o\000n\000s\000t}{section.13}% 141
\BOOKMARK [2][-]{subsection.13.3}{\376\377\000V\000o\000i\000d\000\040\000p\000o\000i\000n\000t\000e\000r\000s}{section.13}% 142
\BOOKMARK [2][-]{subsection.13.4}{\376\377\000P\000o\000i\000n\000t\000e\000r\000s\000\040\000a\000n\000d\000\040\000a\000r\000r\000a\000y\000s}{section.13}% 143
\BOOKMARK [2][-]{subsection.13.5}{\376\377\000P\000a\000s\000s\000i\000n\000g\000\040\000p\000o\000i\000n\000t\000e\000r\000s\000\040\000t\000o\000\040\000a\000\040\000f\000u\000n\000c\000t\000i\000o\000n}{section.13}% 144
\BOOKMARK [2][-]{subsection.13.6}{\376\377\000C\000h\000a\000l\000l\000e\000n\000g\000e\000\040\000P\000o\000i\000n\000t\000e\000r\000s\000\040\000a\000s\000\040\000p\000a\000r\000a\000m\000e\000t\000e\000r\000s}{section.13}% 145
\BOOKMARK [1][-]{section.14}{\376\377\000P\000o\000i\000n\000t\000e\000r\000\040\000a\000r\000i\000t\000h\000m\000e\000t\000i\000c}{}% 146
\BOOKMARK [2][-]{subsection.14.1}{\376\377\000O\000v\000e\000r\000v\000i\000e\000w}{section.14}% 147
\BOOKMARK [2][-]{subsection.14.2}{\376\377\000P\000o\000i\000n\000t\000e\000r\000s\000\040\000a\000n\000d\000\040\000a\000r\000r\000a\000y\000s\000\040\000e\000x\000a\000m\000p\000l\000e}{section.14}% 148
\BOOKMARK [2][-]{subsection.14.3}{\376\377\000P\000o\000i\000n\000t\000e\000r\000s\000\040\000a\000n\000d\000\040\000s\000t\000r\000i\000g\000s}{section.14}% 149
\BOOKMARK [2][-]{subsection.14.4}{\376\377\000C\000h\000a\000l\000l\000e\000n\000g\000e\000\040\000C\000o\000u\000n\000t\000i\000n\000g\000\040\000s\000t\000r\000i\000n\000g\000\040\000c\000h\000a\000r\000a\000c\000t\000e\000r\000s}{section.14}% 150
\BOOKMARK [1][-]{section.15}{\376\377\000D\000y\000n\000a\000m\000i\000c\000\040\000M\000e\000m\000o\000r\000y\000\040\000A\000l\000l\000o\000c\000a\000t\000i\000o\000n}{}% 151
\BOOKMARK [2][-]{subsection.15.1}{\376\377\000O\000v\000e\000r\000v\000i\000e\000w}{section.15}% 152
\BOOKMARK [2][-]{subsection.15.2}{\376\377\000m\000a\000l\000l\000o\000c\000\040\000c\000a\000l\000l\000o\000c\000\040\000a\000n\000d\000\040\000r\000e\000a\000l\000l\000o\000c}{section.15}% 153
\BOOKMARK [3][-]{subsubsection.15.2.1}{\376\377\000m\000a\000l\000l\000o\000c\000\050\000\051}{subsection.15.2}% 154
\BOOKMARK [3][-]{subsubsection.15.2.2}{\376\377\000c\000a\000l\000l\000o\000c\000\050\000\051}{subsection.15.2}% 155
\BOOKMARK [3][-]{subsubsection.15.2.3}{\376\377\000r\000e\000a\000l\000l\000o\000c\000\050\000\051}{subsection.15.2}% 156
\BOOKMARK [3][-]{subsubsection.15.2.4}{\376\377\000G\000u\000i\000d\000e\000l\000i\000n\000e\000s}{subsection.15.2}% 157
\BOOKMARK [2][-]{subsection.15.3}{\376\377\000C\000h\000a\000l\000l\000e\000n\000g\000e\000\040\000D\000y\000n\000a\000m\000i\000c\000\040\000m\000e\000m\000o\000r\000y}{section.15}% 158
\BOOKMARK [1][-]{section.16}{\376\377\000S\000t\000r\000u\000c\000t\000u\000r\000e\000s}{}% 159
\BOOKMARK [2][-]{subsection.16.1}{\376\377\000C\000r\000e\000a\000t\000i\000n\000g\000\040\000a\000n\000d\000\040\000U\000s\000i\000n\000g\000\040\000s\000t\000r\000u\000c\000t\000u\000r\000e\000s}{section.16}% 160
\BOOKMARK [2][-]{subsection.16.2}{\376\377\000D\000e\000c\000l\000a\000r\000i\000n\000g\000\040\000a\000n\000d\000\040\000i\000n\000i\000t\000i\000a\000l\000i\000s\000i\000n\000g\000\040\000a\000\040\000s\000t\000r\000u\000c\000t\000u\000r\000e}{section.16}% 161
\BOOKMARK [2][-]{subsection.16.3}{\376\377\000S\000t\000r\000u\000c\000t\000u\000r\000e\000s\000\040\000a\000n\000d\000\040\000a\000r\000r\000a\000y\000s}{section.16}% 162
\BOOKMARK [2][-]{subsection.16.4}{\376\377\000N\000e\000s\000t\000e\000d\000\040\000s\000t\000r\000u\000c\000t\000u\000r\000e\000s}{section.16}% 163
\BOOKMARK [2][-]{subsection.16.5}{\376\377\000S\000t\000r\000u\000c\000t\000u\000r\000e\000s\000\040\000a\000n\000d\000\040\000p\000o\000i\000n\000t\000e\000r\000s}{section.16}% 164
\BOOKMARK [2][-]{subsection.16.6}{\376\377\000S\000t\000r\000u\000c\000t\000u\000r\000e\000s\000\040\000a\000n\000d\000\040\000f\000u\000n\000c\000t\000i\000o\000n\000s}{section.16}% 165
\BOOKMARK [2][-]{subsection.16.7}{\376\377\000C\000h\000a\000l\000l\000e\000n\000g\000e\000\040\000S\000t\000r\000u\000c\000t\000u\000r\000e\000s\000\040\000p\000o\000i\000n\000t\000e\000r\000s\000\040\000a\000n\000d\000\040\000f\000u\000n\000c\000t\000i\000o\000n\000s}{section.16}% 166
\BOOKMARK [1][-]{section.17}{\376\377\000F\000i\000l\000e\000\040\000I\000n\000p\000u\000t\000\040\000a\000n\000d\000\040\000O\000u\000t\000p\000u\000t}{}% 167
\BOOKMARK [2][-]{subsection.17.1}{\376\377\000O\000v\000e\000r\000v\000i\000e\000w}{section.17}% 168
\BOOKMARK [2][-]{subsection.17.2}{\376\377\000A\000c\000c\000e\000s\000s\000i\000n\000g\000\040\000f\000i\000l\000e\000s}{section.17}% 169
\BOOKMARK [3][-]{subsubsection.17.2.1}{\376\377\000W\000r\000i\000t\000e\000\040\000m\000o\000d\000e}{subsection.17.2}% 170
\BOOKMARK [3][-]{subsubsection.17.2.2}{\376\377\000A\000p\000p\000e\000n\000d\000\040\000m\000o\000d\000e}{subsection.17.2}% 171
\BOOKMARK [3][-]{subsubsection.17.2.3}{\376\377\000R\000e\000a\000d\000\040\000m\000o\000d\000e}{subsection.17.2}% 172
\BOOKMARK [3][-]{subsubsection.17.2.4}{\376\377\000R\000e\000n\000a\000m\000i\000n\000g\000\040\000a\000\040\000f\000i\000l\000e}{subsection.17.2}% 173
\BOOKMARK [3][-]{subsubsection.17.2.5}{\376\377\000C\000l\000o\000s\000i\000n\000g\000\040\000a\000\040\000f\000i\000l\000e}{subsection.17.2}% 174
\BOOKMARK [3][-]{subsubsection.17.2.6}{\376\377\000D\000e\000l\000e\000t\000i\000n\000g\000\040\000a\000\040\000f\000i\000l\000e}{subsection.17.2}% 175
\BOOKMARK [2][-]{subsection.17.3}{\376\377\000R\000e\000a\000d\000i\000n\000g\000\040\000f\000r\000o\000m\000\040\000a\000\040\000f\000i\000l\000e}{section.17}% 176
\BOOKMARK [2][-]{subsection.17.4}{\376\377\000C\000h\000a\000l\000l\000e\000n\000g\000e\000\040\000F\000i\000n\000d\000\040\000n\000u\000m\000b\000e\000r\000\040\000o\000f\000\040\000l\000i\000n\000e\000s}{section.17}% 177
\BOOKMARK [2][-]{subsection.17.5}{\376\377\000W\000r\000i\000t\000i\000n\000g\000\040\000t\000o\000\040\000a\000\040\000f\000i\000l\000e}{section.17}% 178
\BOOKMARK [2][-]{subsection.17.6}{\376\377\000C\000o\000n\000v\000e\000r\000t\000\040\000c\000h\000a\000r\000a\000c\000t\000e\000r\000s\000\040\000i\000n\000\040\000a\000\040\000f\000i\000l\000e\000\040\000t\000o\000\040\000u\000p\000p\000e\000r\000c\000a\000s\000e}{section.17}% 179
\BOOKMARK [2][-]{subsection.17.7}{\376\377\000F\000i\000n\000d\000i\000n\000g\000\040\000y\000o\000u\000r\000\040\000p\000o\000s\000i\000t\000i\000o\000n\000\040\000i\000n\000\040\000a\000\040\000F\000i\000l\000e}{section.17}% 180
\BOOKMARK [2][-]{subsection.17.8}{\376\377\000C\000h\000a\000l\000l\000e\000n\000g\000e\000\040\000p\000r\000i\000n\000t\000\040\000c\000o\000n\000t\000e\000n\000t\000s\000\040\000o\000f\000\040\000f\000i\000l\000e\000\040\000i\000n\000\040\000r\000e\000v\000e\000r\000s\000e\000\040\000o\000r\000d\000e\000r}{section.17}% 181
\BOOKMARK [1][-]{section.18}{\376\377\000T\000h\000e\000\040\000S\000t\000a\000n\000d\000a\000r\000d\000\040\000C\000\040\000L\000i\000b\000r\000a\000r\000y}{}% 182
\BOOKMARK [2][-]{subsection.18.1}{\376\377\000S\000t\000a\000n\000d\000a\000r\000d\000\040\000h\000e\000a\000d\000e\000r\000\040\000f\000i\000l\000e\000s}{section.18}% 183
\BOOKMARK [3][-]{subsubsection.18.1.1}{\376\377\000s\000t\000d\000d\000e\000f\000.\000h}{subsection.18.1}% 184
\BOOKMARK [3][-]{subsubsection.18.1.2}{\376\377\000l\000i\000m\000i\000t\000s\000.\000h}{subsection.18.1}% 185
\BOOKMARK [3][-]{subsubsection.18.1.3}{\376\377\000s\000t\000d\000b\000o\000o\000l\000.\000h}{subsection.18.1}% 186
\BOOKMARK [2][-]{subsection.18.2}{\376\377\000V\000a\000r\000i\000o\000u\000s\000\040\000f\000u\000n\000c\000t\000i\000o\000n\000s}{section.18}% 187
\BOOKMARK [3][-]{subsubsection.18.2.1}{\376\377\000S\000t\000r\000i\000n\000g\000\040\000f\000u\000n\000c\000t\000i\000o\000n\000s}{subsection.18.2}% 188
\BOOKMARK [3][-]{subsubsection.18.2.2}{\376\377\000C\000h\000a\000r\000a\000c\000t\000e\000r\000\040\000f\000u\000n\000c\000t\000i\000o\000n\000s}{subsection.18.2}% 189
\BOOKMARK [3][-]{subsubsection.18.2.3}{\376\377\000I\000n\000p\000u\000t\000/\000o\000u\000t\000p\000u\000t\000\040\000f\000u\000n\000c\000t\000i\000o\000n\000s}{subsection.18.2}% 190
\BOOKMARK [3][-]{subsubsection.18.2.4}{\376\377\000C\000o\000n\000v\000e\000r\000s\000i\000o\000n\000\040\000f\000u\000n\000c\000t\000i\000o\000n\000s}{subsection.18.2}% 191
\BOOKMARK [3][-]{subsubsection.18.2.5}{\376\377\000D\000y\000n\000a\000m\000i\000c\000\040\000M\000e\000m\000o\000r\000y\000\040\000f\000u\000n\000c\000t\000i\000o\000n\000s}{subsection.18.2}% 192
\BOOKMARK [2][-]{subsection.18.3}{\376\377\000M\000a\000t\000h\000\040\000f\000u\000n\000c\000t\000i\000o\000n\000s}{section.18}% 193
\BOOKMARK [2][-]{subsection.18.4}{\376\377\000U\000t\000i\000l\000i\000t\000y\000\040\000f\000u\000n\000c\000t\000i\000o\000n\000s}{section.18}% 194
\BOOKMARK [3][-]{subsubsection.18.4.1}{\376\377\000A\000s\000s\000e\000r\000t\000\040\000l\000i\000b\000r\000a\000r\000y}{subsection.18.4}% 195
\BOOKMARK [3][-]{subsubsection.18.4.2}{\376\377\000O\000t\000h\000e\000r\000\040\000u\000s\000e\000f\000u\000l\000\040\000h\000e\000a\000d\000e\000r\000\040\000f\000i\000l\000e\000s}{subsection.18.4}% 196
\BOOKMARK [1][-]{section.19}{\376\377\000C\000o\000n\000c\000l\000u\000s\000i\000o\000n\000s}{}% 197
\BOOKMARK [2][-]{subsection.19.1}{\376\377\000F\000u\000r\000t\000h\000e\000r\000\040\000t\000o\000p\000i\000c\000s\000\040\000o\000f\000\040\000s\000t\000u\000d\000y}{section.19}% 198
\BOOKMARK [2][-]{subsection.19.2}{\376\377\000C\000o\000u\000r\000s\000e\000\040\000S\000u\000m\000m\000a\000r\000y}{section.19}% 199
